Worker for "tool2_13200" has been started.
Worker for "tool2_17600" has been started.
Worker for "tool2_22000" has been started.
Worker for "tool2_26400" has been started.
   cut_len  wear_len
5  22000.0   112.475
   cut_len  wear_len
4  17600.0      93.8
Worker for "tool2_30800" has been started.
Worker for "tool2_35200" has been started.
   cut_len  wear_len
6  26400.0   174.125
Worker for "tool2_39600" has been started.
   cut_len  wear_len
3  13200.0    83.695
Worker for "tool2_4400" has been started.
   cut_len  wear_len
7  30800.0   148.575
Worker for "tool2_44000" has been started.
   cut_len  wear_len
9  39600.0     239.9
Worker for "tool2_48400" has been started.
   cut_len  wear_len
8  35200.0     154.2
Worker for "tool2_52800" has been started.
   cut_len  wear_len
1   4400.0   16.3775
Worker for "tool2_8800" has been started.
    cut_len  wear_len
10  44000.0   334.625
    cut_len  wear_len
11  48400.0   389.525
    cut_len  wear_len
12  52800.0    1178.0
   cut_len  wear_len
2   8800.0   57.0875
Worker for "tool2_26400" has been started.
Worker for "tool2_17600" has been started.
Worker for "tool2_13200" has been started.
   cut_len  wear_len
5  22000.0   112.475
   cut_len  wear_len
4  17600.0      93.8
Worker for "tool2_30800" has been started.
Worker for "tool2_35200" has been started.
   cut_len  wear_len
6  26400.0   174.125
Worker for "tool2_39600" has been started.
   cut_len  wear_len
3  13200.0    83.695
Worker for "tool2_4400" has been started.
   cut_len  wear_len
7  30800.0   148.575
Worker for "tool2_44000" has been started.
   cut_len  wear_len
9  39600.0     239.9
Worker for "tool2_48400" has been started.
   cut_len  wear_len
8  35200.0     154.2
Worker for "tool2_52800" has been started.
   cut_len  wear_len
1   4400.0   16.3775
Worker for "tool2_8800" has been started.
    cut_len  wear_len
10  44000.0   334.625
    cut_len  wear_len
11  48400.0   389.525
    cut_len  wear_len
12  52800.0    1178.0
   cut_len  wear_len
2   8800.0   57.0875
Worker for "tool2_26400" has been started.
Worker for "tool2_17600" has been started.
Worker for "tool2_13200" has been started.
Worker for "tool2_22000" has been started.
   cut_len  wear_len
4  17600.0      93.8
Worker for "tool2_30800" has been started.
   cut_len  wear_len
5  22000.0   112.475
Worker for "tool2_35200" has been started.
   cut_len  wear_len
6  26400.0   174.125
Worker for "tool2_39600" has been started.
   cut_len  wear_len
3  13200.0    83.695
Worker for "tool2_4400" has been started.
   cut_len  wear_len
7  30800.0   148.575
Worker for "tool2_44000" has been started.
   cut_len  wear_len
9  39600.0     239.9
Worker for "tool2_48400" has been started.
   cut_len  wear_len
8  35200.0     154.2
Worker for "tool2_52800" has been started.
   cut_len  wear_len
1   4400.0   16.3775
Worker for "tool2_8800" has been started.
    cut_len  wear_len
11  48400.0   389.525
    cut_len  wear_len
10  44000.0   334.625
    cut_len  wear_len
12  52800.0    1178.0
   cut_len  wear_len
2   8800.0   57.0875
Worker for "tool2_17600" has been started.
Worker for "tool2_13200" has been started.
Worker for "tool2_22000" has been started.
   cut_len  wear_len
4  17600.0      93.8
Worker for "tool2_30800" has been started.
   cut_len  wear_len
5  22000.0   112.475
Worker for "tool2_35200" has been started.
   cut_len  wear_len
6  26400.0   174.125
Worker for "tool2_39600" has been started.
   cut_len  wear_len
3  13200.0    83.695
Worker for "tool2_4400" has been started.
   cut_len  wear_len
9  39600.0     239.9
   cut_len  wear_len
7  30800.0   148.575
Worker for "tool2_44000" has been started.
Worker for "tool2_48400" has been started.
   cut_len  wear_len
8  35200.0     154.2
Worker for "tool2_52800" has been started.
   cut_len  wear_len
1   4400.0   16.3775
Worker for "tool2_8800" has been started.
    cut_len  wear_len
11  48400.0   389.525
    cut_len  wear_len
10  44000.0   334.625
    cut_len  wear_len
12  52800.0    1178.0
   cut_len  wear_len
2   8800.0   57.0875
Worker for "tool2_17600" has been started.
Worker for "tool2_26400" has been started.
Worker for "tool2_13200" has been started.
   cut_len  wear_len
6  26400.0   174.125
Worker for "tool2_30800" has been started.
   cut_len  wear_len
4  17600.0      93.8
Worker for "tool2_35200" has been started.
   cut_len  wear_len
5  22000.0   112.475
Worker for "tool2_39600" has been started.
   cut_len  wear_len
3  13200.0    83.695
Worker for "tool2_4400" has been started.
   cut_len  wear_len
7  30800.0   148.575
Worker for "tool2_44000" has been started.
   cut_len  wear_len
9  39600.0     239.9
Worker for "tool2_48400" has been started.
   cut_len  wear_len
8  35200.0     154.2
Worker for "tool2_52800" has been started.
   cut_len  wear_len
1   4400.0   16.3775
Worker for "tool2_8800" has been started.
    cut_len  wear_len
11  48400.0   389.525
    cut_len  wear_len
10  44000.0   334.625
    cut_len  wear_len
12  52800.0    1178.0
   cut_len  wear_len
2   8800.0   57.0875
Worker for "tool3_13200" has been started.
Worker for "tool3_17600" has been started.
Worker for "tool3_26400" has been started.
Worker for "tool3_22000" has been started.
   cut_len  wear_len
5  22000.0    291.85
Worker for "tool3_4400" has been started.
   cut_len  wear_len
3  13200.0     83.66
Worker for "tool3_8800" has been started.
   cut_len  wear_len
6  26400.0    1013.0
   cut_len  wear_len
4  17600.0     115.2
   cut_len  wear_len
1   4400.0   46.8775
   cut_len  wear_len
2   8800.0   73.5425
Worker for "tool4_17600" has been started.
Worker for "tool4_22000" has been started.
Worker for "tool4_26400" has been started.
Worker for "tool4_13200" has been started.
   cut_len  wear_len
3  13200.0     72.72
Worker for "tool4_35200" has been started.
   cut_len  wear_len
5  22000.0     78.31
Worker for "tool4_4400" has been started.
   cut_len  wear_len
6  26400.0     79.64
Worker for "tool4_44000" has been started.
   cut_len  wear_len
4  17600.0     76.13
Worker for "tool4_48400" has been started.
   cut_len  wear_len
1   4400.0   17.5225
Worker for "tool4_52800" has been started.
   cut_len  wear_len
9  48400.0    365.45
Worker for "tool4_57200" has been started.
    cut_len  wear_len
10  52800.0   516.025
Worker for "tool4_61600" has been started.
   cut_len  wear_len
7  35200.0    102.91
Worker for "tool4_8800" has been started.
   cut_len  wear_len
8  44000.0   179.275
    cut_len  wear_len
11  57200.0   620.675
    cut_len  wear_len
12  61600.0   1182.75
   cut_len  wear_len
2   8800.0   30.5525
